<?xml version="1.0" encoding="UTF-8" standalone="yes"?>
<testsuites name="Practice_TS_1" time="63" tests="3" failures="0" errors="0">
    <testsuite name="Practice_TS_1" tests="3" failures="0" errors="0" time="63" timestamp="2019-07-25 10:40:32" hostname="Silvester - 192.168.3.67" id="Test Suites/Practice_TS_1">
        <properties>
            <property name="deviceName" value=""/>
            <property name="devicePlatform" value=""/>
            <property name="logFolder" value="C:\\Users\\Silvester\\Katalon Studio\\Practice_Record_Replay\\Reports\\Practice_TS_1\\20190725_104026"/>
            <property name="logFiles" value="C:\\Users\\Silvester\\Katalon Studio\\Practice_Record_Replay\\Reports\\Practice_TS_1\\20190725_104026\\execution0.log"/>
            <property name="attachments" value="C:\\Users\\Silvester\\Katalon Studio\\Practice_Record_Replay\\Reports\\Practice_TS_1\\20190725_104026\\1564040487844.png, C:\\Users\\Silvester\\Katalon Studio\\Practice_Record_Replay\\Reports\\Practice_TS_1\\20190725_104026\\1564040490032.png, C:\\Users\\Silvester\\Katalon Studio\\Practice_Record_Replay\\Reports\\Practice_TS_1\\20190725_104026\\1564040492176.png, C:\\Users\\Silvester\\Katalon Studio\\Practice_Record_Replay\\Reports\\Practice_TS_1\\20190725_104026\\1564040494334.png"/>
            <property name="hostName" value="Silvester - 192.168.3.67"/>
            <property name="os" value="Windows 10 64bit"/>
            <property name="katalonVersion" value="6.2.1.2"/>
            <property name="browser" value="Firefox 68.0"/>
            <property name="hostAddress" value="192.168.3.67"/>
            <property name="sessionId" value="1b8d1f52-841c-44ef-aea0-bc3466fd0e61"/>
            <property name="seleniumVersion" value="3.141.59"/>
            <property name="proxyInformation" value="ProxyInformation{proxyOption=NO_PROXY, proxyServerType=HTTP, password=, proxyServerAddress=, proxyServerPort=0}"/>
            <property name="platform" value="Windows 10"/>
        </properties>
        <testcase name="Test Cases/tc_0_0_1_RR_ASA_quality_academy_attend" classname="Test Cases/tc_0_0_1_RR_ASA_quality_academy_attend" status="PASSED">
            <system-out>2019-07-25 10:40:32 - [TEST_CASE][PASSED] - Test Cases/tc_0_0_1_RR_ASA_quality_academy_attend: Test Cases/tc_0_0_1_RR_ASA_quality_academy_attend&#xD;
&#xD;
2019-07-25 10:40:32 - [TEST_STEP][PASSED] - openBrowser(""): Browser is opened with url: ''&#xD;
&#xD;
2019-07-25 10:40:32 - [MESSAGE][INFO] - Starting 'Firefox' driver&#xD;
&#xD;
2019-07-25 10:40:33 - [MESSAGE][INFO] - Action delay is set to 0 seconds&#xD;
&#xD;
2019-07-25 10:40:36 - [MESSAGE][PASSED] - Browser is opened with url: ''&#xD;
&#xD;
2019-07-25 10:40:36 - [TEST_STEP][PASSED] - maximizeWindow(): Current window maximized&#xD;
&#xD;
2019-07-25 10:40:37 - [MESSAGE][PASSED] - Current window maximized&#xD;
&#xD;
2019-07-25 10:40:37 - [TEST_STEP][PASSED] - navigateToUrl("https://www.asaquality.ee/"): Navigate to 'https://www.asaquality.ee/' successfully&#xD;
&#xD;
2019-07-25 10:40:38 - [MESSAGE][PASSED] - Navigate to 'https://www.asaquality.ee/' successfully&#xD;
&#xD;
2019-07-25 10:40:38 - [TEST_STEP][PASSED] - click(findTestObject("tc_0_0_1_RR_OR/Page_Avaleht - ASA Quality Services/button_EST")): Object: 'Object Repository/tc_0_0_1_RR_OR/Page_Avaleht - ASA Quality Services/button_EST' is clicked on&#xD;
&#xD;
2019-07-25 10:40:38 - [MESSAGE][PASSED] - Object: 'Object Repository/tc_0_0_1_RR_OR/Page_Avaleht - ASA Quality Services/button_EST' is clicked on&#xD;
&#xD;
2019-07-25 10:40:38 - [TEST_STEP][PASSED] - click(findTestObject("tc_0_0_1_RR_OR/Page_Avaleht - ASA Quality Services/a_ENG")): Object: 'Object Repository/tc_0_0_1_RR_OR/Page_Avaleht - ASA Quality Services/a_ENG' is clicked on&#xD;
&#xD;
2019-07-25 10:40:40 - [MESSAGE][PASSED] - Object: 'Object Repository/tc_0_0_1_RR_OR/Page_Avaleht - ASA Quality Services/a_ENG' is clicked on&#xD;
&#xD;
2019-07-25 10:40:40 - [TEST_STEP][PASSED] - click(findTestObject("tc_0_0_1_RR_OR/Page_About Us - ASA Quality/a_Academy")): Object: 'Object Repository/tc_0_0_1_RR_OR/Page_About Us - ASA Quality/a_Academy' is clicked on&#xD;
&#xD;
2019-07-25 10:40:41 - [MESSAGE][PASSED] - Object: 'Object Repository/tc_0_0_1_RR_OR/Page_About Us - ASA Quality/a_Academy' is clicked on&#xD;
&#xD;
2019-07-25 10:40:41 - [TEST_STEP][PASSED] - click(findTestObject("tc_0_0_1_RR_OR/Page_Academy - ASA Quality/button_Attend")): Object: 'Object Repository/tc_0_0_1_RR_OR/Page_Academy - ASA Quality/button_Attend' is clicked on&#xD;
&#xD;
2019-07-25 10:40:41 - [MESSAGE][PASSED] - Object: 'Object Repository/tc_0_0_1_RR_OR/Page_Academy - ASA Quality/button_Attend' is clicked on&#xD;
&#xD;
2019-07-25 10:40:41 - [TEST_STEP][PASSED] - click(findTestObject("tc_0_0_1_RR_OR/Page_Academy - ASA Quality/input_Error on form submit_btn btn-primary w-100 my-0"), STOP_ON_FAILURE): Object: 'Object Repository/tc_0_0_1_RR_OR/Page_Academy - ASA Quality/input_Error on form submit_btn btn-primary w-100 my-0' is clicked on&#xD;
&#xD;
2019-07-25 10:40:41 - [MESSAGE][PASSED] - Object: 'Object Repository/tc_0_0_1_RR_OR/Page_Academy - ASA Quality/input_Error on form submit_btn btn-primary w-100 my-0' is clicked on&#xD;
&#xD;
2019-07-25 10:40:41 - [TEST_STEP][PASSED] - waitForElementAttributeValue(findTestObject("tc_0_0_1_RR_OR/Page_Academy - ASA Quality/div_First and last name"), "class", "form-group has-error", 2): Object 'Object Repository/tc_0_0_1_RR_OR/Page_Academy - ASA Quality/div_First and last name' has attribute 'class' with value 'form-group has-error'&#xD;
&#xD;
2019-07-25 10:40:41 - [MESSAGE][PASSED] - Object 'Object Repository/tc_0_0_1_RR_OR/Page_Academy - ASA Quality/div_First and last name' has attribute 'class' with value 'form-group has-error'&#xD;
&#xD;
2019-07-25 10:40:41 - [TEST_STEP][PASSED] - click(findTestObject("tc_0_0_1_RR_OR/Page_Academy - ASA Quality/button_close")): Object: 'Object Repository/tc_0_0_1_RR_OR/Page_Academy - ASA Quality/button_close' is clicked on&#xD;
&#xD;
2019-07-25 10:40:42 - [MESSAGE][PASSED] - Object: 'Object Repository/tc_0_0_1_RR_OR/Page_Academy - ASA Quality/button_close' is clicked on&#xD;
&#xD;
2019-07-25 10:40:42 - [TEST_STEP][PASSED] - closeBrowser(): Browser is closed&#xD;
&#xD;
2019-07-25 10:40:43 - [MESSAGE][PASSED] - Browser is closed</system-out>
            <system-err></system-err>
        </testcase>
        <testcase name="Test Cases/tc_0_1_1_MM_Katalon_Demo_Kura_Login" classname="Test Cases/tc_0_1_1_MM_Katalon_Demo_Kura_Login" status="PASSED">
            <system-out>2019-07-25 10:40:43 - [TEST_CASE][PASSED] - Test Cases/tc_0_1_1_MM_Katalon_Demo_Kura_Login: Test Cases/tc_0_1_1_MM_Katalon_Demo_Kura_Login&#xD;
&#xD;
2019-07-25 10:40:43 - [TEST_STEP][PASSED] - openBrowser("https://katalon-demo-cura.herokuapp.com/profile.php#login"): Browser is opened with url: 'https://katalon-demo-cura.herokuapp.com/profile.php#login'&#xD;
&#xD;
2019-07-25 10:40:43 - [MESSAGE][INFO] - Starting 'Firefox' driver&#xD;
&#xD;
2019-07-25 10:40:47 - [MESSAGE][PASSED] - Browser is opened with url: 'https://katalon-demo-cura.herokuapp.com/profile.php#login'&#xD;
&#xD;
2019-07-25 10:40:47 - [TEST_STEP][PASSED] - maximizeWindow(): Current window maximized&#xD;
&#xD;
2019-07-25 10:40:47 - [MESSAGE][PASSED] - Current window maximized&#xD;
&#xD;
2019-07-25 10:40:47 - [TEST_STEP][PASSED] - click(findTestObject("tc_0_1_1_MM_OR/Page_CURA Healthcare Service/button_Login")): Object: 'Object Repository/tc_0_1_1_MM_OR/Page_CURA Healthcare Service/button_Login' is clicked on&#xD;
&#xD;
2019-07-25 10:40:48 - [MESSAGE][PASSED] - Object: 'Object Repository/tc_0_1_1_MM_OR/Page_CURA Healthcare Service/button_Login' is clicked on&#xD;
&#xD;
2019-07-25 10:40:48 - [TEST_STEP][PASSED] - waitForElementPresent(findTestObject("tc_0_1_1_MM_OR/Page_CURA Healthcare Service/p_Login failed Please ensure the username and password are valid"), 2): Object 'Object Repository/tc_0_1_1_MM_OR/Page_CURA Healthcare Service/p_Login failed Please ensure the username and password are valid' is present&#xD;
&#xD;
2019-07-25 10:40:48 - [MESSAGE][PASSED] - Object 'Object Repository/tc_0_1_1_MM_OR/Page_CURA Healthcare Service/p_Login failed Please ensure the username and password are valid' is present&#xD;
&#xD;
2019-07-25 10:40:48 - [TEST_STEP][PASSED] - setText(findTestObject("tc_0_1_1_MM_OR/Page_CURA Healthcare Service/input_Username_username"), "John Doe"): Text 'John Doe' is set on object 'Object Repository/tc_0_1_1_MM_OR/Page_CURA Healthcare Service/input_Username_username'&#xD;
&#xD;
2019-07-25 10:40:48 - [MESSAGE][PASSED] - Text 'John Doe' is set on object 'Object Repository/tc_0_1_1_MM_OR/Page_CURA Healthcare Service/input_Username_username'&#xD;
&#xD;
2019-07-25 10:40:48 - [TEST_STEP][PASSED] - setText(findTestObject("tc_0_1_1_MM_OR/Page_CURA Healthcare Service/input_Password_password"), "ThisIsNotAPassword"): Text 'ThisIsNotAPassword' is set on object 'Object Repository/tc_0_1_1_MM_OR/Page_CURA Healthcare Service/input_Password_password'&#xD;
&#xD;
2019-07-25 10:40:48 - [MESSAGE][PASSED] - Text 'ThisIsNotAPassword' is set on object 'Object Repository/tc_0_1_1_MM_OR/Page_CURA Healthcare Service/input_Password_password'&#xD;
&#xD;
2019-07-25 10:40:48 - [TEST_STEP][PASSED] - click(findTestObject("tc_0_1_1_MM_OR/Page_CURA Healthcare Service/button_Login")): Object: 'Object Repository/tc_0_1_1_MM_OR/Page_CURA Healthcare Service/button_Login' is clicked on&#xD;
&#xD;
2019-07-25 10:40:48 - [MESSAGE][PASSED] - Object: 'Object Repository/tc_0_1_1_MM_OR/Page_CURA Healthcare Service/button_Login' is clicked on&#xD;
&#xD;
2019-07-25 10:40:48 - [TEST_STEP][PASSED] - verifyTextPresent("Make Appointment", false, CONTINUE_ON_FAILURE): Text 'Make Appointment' is present on page &#xD;
&#xD;
2019-07-25 10:40:48 - [MESSAGE][PASSED] - Text 'Make Appointment' is present on page &#xD;
&#xD;
2019-07-25 10:40:48 - [TEST_STEP][PASSED] - closeBrowser(): Browser is closed&#xD;
&#xD;
2019-07-25 10:40:49 - [MESSAGE][PASSED] - Browser is closed</system-out>
            <system-err></system-err>
        </testcase>
        <testcase name="Test Cases/tc_0_2_1_SM_Alibris_Book_Stoore" classname="Test Cases/tc_0_2_1_SM_Alibris_Book_Stoore" status="PASSED">
            <system-out>2019-07-25 10:40:49 - [TEST_CASE][PASSED] - Test Cases/tc_0_2_1_SM_Alibris_Book_Stoore: Test Cases/tc_0_2_1_SM_Alibris_Book_Stoore&#xD;
&#xD;
2019-07-25 10:40:49 - [TEST_STEP][PASSED] - openBrowser("https://www.alibris.com/"): Browser is opened with url: 'https://www.alibris.com/'&#xD;
&#xD;
2019-07-25 10:40:49 - [MESSAGE][INFO] - Starting 'Firefox' driver&#xD;
&#xD;
2019-07-25 10:40:55 - [MESSAGE][PASSED] - Browser is opened with url: 'https://www.alibris.com/'&#xD;
&#xD;
2019-07-25 10:40:55 - [TEST_STEP][PASSED] - maximizeWindow(): Current window maximized&#xD;
&#xD;
2019-07-25 10:40:55 - [MESSAGE][PASSED] - Current window maximized&#xD;
&#xD;
2019-07-25 10:40:55 - [TEST_STEP][PASSED] - verifyElementPresent(findTestObject("Object Repository/tc_0_2_1_SM_OR/Page_Alibris - Buy new and used books textbooks music and movies/input_Search by Title Author or ISBN_keyword"), 2): Object 'Object Repository/tc_0_2_1_SM_OR/Page_Alibris - Buy new and used books textbooks music and movies/input_Search by Title Author or ISBN_keyword' is present&#xD;
&#xD;
2019-07-25 10:40:55 - [MESSAGE][PASSED] - Object 'Object Repository/tc_0_2_1_SM_OR/Page_Alibris - Buy new and used books textbooks music and movies/input_Search by Title Author or ISBN_keyword' is present&#xD;
&#xD;
2019-07-25 10:40:55 - [TEST_STEP][PASSED] - setText(findTestObject("Object Repository/tc_0_2_1_SM_OR/Page_Alibris - Buy new and used books textbooks music and movies/input_Search by Title Author or ISBN_keyword"), "Steam engine"): Text 'Steam engine' is set on object 'Object Repository/tc_0_2_1_SM_OR/Page_Alibris - Buy new and used books textbooks music and movies/input_Search by Title Author or ISBN_keyword'&#xD;
&#xD;
2019-07-25 10:40:55 - [MESSAGE][PASSED] - Text 'Steam engine' is set on object 'Object Repository/tc_0_2_1_SM_OR/Page_Alibris - Buy new and used books textbooks music and movies/input_Search by Title Author or ISBN_keyword'&#xD;
&#xD;
2019-07-25 10:40:55 - [TEST_STEP][PASSED] - click(findTestObject("Object Repository/tc_0_2_1_SM_OR/Page_Alibris - Buy new and used books textbooks music and movies/input_Select Book Format Menu_hs")): Object: 'Object Repository/tc_0_2_1_SM_OR/Page_Alibris - Buy new and used books textbooks music and movies/input_Select Book Format Menu_hs' is clicked on&#xD;
&#xD;
2019-07-25 10:40:57 - [MESSAGE][PASSED] - Object: 'Object Repository/tc_0_2_1_SM_OR/Page_Alibris - Buy new and used books textbooks music and movies/input_Select Book Format Menu_hs' is clicked on&#xD;
&#xD;
2019-07-25 10:40:57 - [TEST_STEP][PASSED] - verifyElementPresent(findTestObject("Object Repository/tc_0_2_1_SM_OR/Page_steam engine - Alibris/a_Building Simple Model Steam Engines"), 3): Object 'Object Repository/tc_0_2_1_SM_OR/Page_steam engine - Alibris/a_Building Simple Model Steam Engines' is present&#xD;
&#xD;
2019-07-25 10:40:57 - [MESSAGE][PASSED] - Object 'Object Repository/tc_0_2_1_SM_OR/Page_steam engine - Alibris/a_Building Simple Model Steam Engines' is present&#xD;
&#xD;
2019-07-25 10:40:57 - [TEST_STEP][PASSED] - click(findTestObject("Object Repository/tc_0_2_1_SM_OR/Page_steam engine - Alibris/button_Add to Cart"), OPTIONAL): Unable to click on object 'Object Repository/tc_0_2_1_SM_OR/Page_steam engine - Alibris/button_Add to Cart' (Root cause: com.kms.katalon.core.exception.StepFailedException: Unable to click on object 'Object Repository/tc_0_2_1_SM_OR/Page_steam engine - Alibris/button_Add to Cart'&#xD;
	at com.kms.katalon.core.webui.keyword.internal.WebUIKeywordMain.stepFailed(WebUIKeywordMain.groovy:64)&#xD;
	at com.kms.katalon.core.webui.keyword.internal.WebUIKeywordMain.runKeyword(WebUIKeywordMain.groovy:26)&#xD;
	at com.kms.katalon.core.webui.keyword.builtin.ClickKeyword.click(ClickKeyword.groovy:86)&#xD;
	at com.kms.katalon.core.webui.keyword.builtin.ClickKeyword.execute(ClickKeyword.groovy:67)&#xD;
	at com.kms.katalon.core.keyword.internal.KeywordExecutor.executeKeywordForPlatform(KeywordExecutor.groovy:56)&#xD;
	at com.kms.katalon.core.webui.keyword.WebUiBuiltInKeywords.click(WebUiBuiltInKeywords.groovy:604)&#xD;
	at com.kms.katalon.core.webui.keyword.WebUiBuiltInKeywords$click$3.call(Unknown Source)&#xD;
	at tc_0_2_1_SM_Alibris_Book_Stoore.run(tc_0_2_1_SM_Alibris_Book_Stoore:37)&#xD;
	at com.kms.katalon.core.main.ScriptEngine.run(ScriptEngine.java:194)&#xD;
	at com.kms.katalon.core.main.ScriptEngine.runScriptAsRawText(ScriptEngine.java:119)&#xD;
	at com.kms.katalon.core.main.TestCaseExecutor.runScript(TestCaseExecutor.java:337)&#xD;
	at com.kms.katalon.core.main.TestCaseExecutor.doExecute(TestCaseExecutor.java:328)&#xD;
	at com.kms.katalon.core.main.TestCaseExecutor.processExecutionPhase(TestCaseExecutor.java:307)&#xD;
	at com.kms.katalon.core.main.TestCaseExecutor.accessMainPhase(TestCaseExecutor.java:299)&#xD;
	at com.kms.katalon.core.main.TestCaseExecutor.execute(TestCaseExecutor.java:233)&#xD;
	at com.kms.katalon.core.main.TestSuiteExecutor.accessTestCaseMainPhase(TestSuiteExecutor.java:133)&#xD;
	at com.kms.katalon.core.main.TestSuiteExecutor.accessTestSuiteMainPhase(TestSuiteExecutor.java:116)&#xD;
	at com.kms.katalon.core.main.TestSuiteExecutor.execute(TestSuiteExecutor.java:83)&#xD;
	at com.kms.katalon.core.main.TestCaseMain.startTestSuite(TestCaseMain.java:157)&#xD;
	at com.kms.katalon.core.main.TestCaseMain$startTestSuite$0.call(Unknown Source)&#xD;
	at TempTestSuite1564040426988.run(TempTestSuite1564040426988.groovy:35)&#xD;
Caused by: com.kms.katalon.core.webui.exception.WebElementNotFoundException: Web element with id: 'Object Repository/tc_0_2_1_SM_OR/Page_steam engine - Alibris/button_Add to Cart' located by 'By.xpath:  //button[contains(@onclick, '844607')]
' not found&#xD;
	at com.kms.katalon.core.webui.common.WebUiCommonHelper.findWebElement(WebUiCommonHelper.java:1097)&#xD;
	at com.kms.katalon.core.webui.keyword.internal.WebUIAbstractKeyword.findWebElement(WebUIAbstractKeyword.groovy:27)&#xD;
	at com.kms.katalon.core.webui.keyword.internal.WebUIAbstractKeyword.findWebElement(WebUIAbstractKeyword.groovy:26)&#xD;
	at com.kms.katalon.core.webui.keyword.builtin.ClickKeyword$_click_closure1.doCall(ClickKeyword.groovy:77)&#xD;
	at com.kms.katalon.core.webui.keyword.builtin.ClickKeyword$_click_closure1.call(ClickKeyword.groovy)&#xD;
	at com.kms.katalon.core.webui.keyword.internal.WebUIKeywordMain.runKeyword(WebUIKeywordMain.groovy:20)&#xD;
	at com.kms.katalon.core.webui.keyword.builtin.ClickKeyword.click(ClickKeyword.groovy:86)&#xD;
	at com.kms.katalon.core.webui.keyword.builtin.ClickKeyword.execute(ClickKeyword.groovy:67)&#xD;
	at com.kms.katalon.core.keyword.internal.KeywordExecutor.executeKeywordForPlatform(KeywordExecutor.groovy:56)&#xD;
	at com.kms.katalon.core.webui.keyword.WebUiBuiltInKeywords.click(WebUiBuiltInKeywords.groovy:604)&#xD;
	at com.kms.katalon.core.webui.keyword.WebUiBuiltInKeywords$click$3.call(Unknown Source)&#xD;
	at Script1563446660933.run(Script1563446660933.groovy:37)&#xD;
	... 13 more&#xD;
)&#xD;
&#xD;
2019-07-25 10:41:27 - [MESSAGE][INFO] - Unable to find the element located by 'By.xpath:  //button[contains(@onclick, '844607')]
'. Please recheck the objects properties to make sure the desired element is located. &#xD;
&#xD;
2019-07-25 10:41:27 - [MESSAGE][WARNING] - Unable to click on object 'Object Repository/tc_0_2_1_SM_OR/Page_steam engine - Alibris/button_Add to Cart' (Root cause: com.kms.katalon.core.exception.StepFailedException: Unable to click on object 'Object Repository/tc_0_2_1_SM_OR/Page_steam engine - Alibris/button_Add to Cart'&#xD;
	at com.kms.katalon.core.webui.keyword.internal.WebUIKeywordMain.stepFailed(WebUIKeywordMain.groovy:64)&#xD;
	at com.kms.katalon.core.webui.keyword.internal.WebUIKeywordMain.runKeyword(WebUIKeywordMain.groovy:26)&#xD;
	at com.kms.katalon.core.webui.keyword.builtin.ClickKeyword.click(ClickKeyword.groovy:86)&#xD;
	at com.kms.katalon.core.webui.keyword.builtin.ClickKeyword.execute(ClickKeyword.groovy:67)&#xD;
	at com.kms.katalon.core.keyword.internal.KeywordExecutor.executeKeywordForPlatform(KeywordExecutor.groovy:56)&#xD;
	at com.kms.katalon.core.webui.keyword.WebUiBuiltInKeywords.click(WebUiBuiltInKeywords.groovy:604)&#xD;
	at com.kms.katalon.core.webui.keyword.WebUiBuiltInKeywords$click$3.call(Unknown Source)&#xD;
	at tc_0_2_1_SM_Alibris_Book_Stoore.run(tc_0_2_1_SM_Alibris_Book_Stoore:37)&#xD;
	at com.kms.katalon.core.main.ScriptEngine.run(ScriptEngine.java:194)&#xD;
	at com.kms.katalon.core.main.ScriptEngine.runScriptAsRawText(ScriptEngine.java:119)&#xD;
	at com.kms.katalon.core.main.TestCaseExecutor.runScript(TestCaseExecutor.java:337)&#xD;
	at com.kms.katalon.core.main.TestCaseExecutor.doExecute(TestCaseExecutor.java:328)&#xD;
	at com.kms.katalon.core.main.TestCaseExecutor.processExecutionPhase(TestCaseExecutor.java:307)&#xD;
	at com.kms.katalon.core.main.TestCaseExecutor.accessMainPhase(TestCaseExecutor.java:299)&#xD;
	at com.kms.katalon.core.main.TestCaseExecutor.execute(TestCaseExecutor.java:233)&#xD;
	at com.kms.katalon.core.main.TestSuiteExecutor.accessTestCaseMainPhase(TestSuiteExecutor.java:133)&#xD;
	at com.kms.katalon.core.main.TestSuiteExecutor.accessTestSuiteMainPhase(TestSuiteExecutor.java:116)&#xD;
	at com.kms.katalon.core.main.TestSuiteExecutor.execute(TestSuiteExecutor.java:83)&#xD;
	at com.kms.katalon.core.main.TestCaseMain.startTestSuite(TestCaseMain.java:157)&#xD;
	at com.kms.katalon.core.main.TestCaseMain$startTestSuite$0.call(Unknown Source)&#xD;
	at TempTestSuite1564040426988.run(TempTestSuite1564040426988.groovy:35)&#xD;
Caused by: com.kms.katalon.core.webui.exception.WebElementNotFoundException: Web element with id: 'Object Repository/tc_0_2_1_SM_OR/Page_steam engine - Alibris/button_Add to Cart' located by 'By.xpath:  //button[contains(@onclick, '844607')]
' not found&#xD;
	at com.kms.katalon.core.webui.common.WebUiCommonHelper.findWebElement(WebUiCommonHelper.java:1097)&#xD;
	at com.kms.katalon.core.webui.keyword.internal.WebUIAbstractKeyword.findWebElement(WebUIAbstractKeyword.groovy:27)&#xD;
	at com.kms.katalon.core.webui.keyword.internal.WebUIAbstractKeyword.findWebElement(WebUIAbstractKeyword.groovy:26)&#xD;
	at com.kms.katalon.core.webui.keyword.builtin.ClickKeyword$_click_closure1.doCall(ClickKeyword.groovy:77)&#xD;
	at com.kms.katalon.core.webui.keyword.builtin.ClickKeyword$_click_closure1.call(ClickKeyword.groovy)&#xD;
	at com.kms.katalon.core.webui.keyword.internal.WebUIKeywordMain.runKeyword(WebUIKeywordMain.groovy:20)&#xD;
	at com.kms.katalon.core.webui.keyword.builtin.ClickKeyword.click(ClickKeyword.groovy:86)&#xD;
	at com.kms.katalon.core.webui.keyword.builtin.ClickKeyword.execute(ClickKeyword.groovy:67)&#xD;
	at com.kms.katalon.core.keyword.internal.KeywordExecutor.executeKeywordForPlatform(KeywordExecutor.groovy:56)&#xD;
	at com.kms.katalon.core.webui.keyword.WebUiBuiltInKeywords.click(WebUiBuiltInKeywords.groovy:604)&#xD;
	at com.kms.katalon.core.webui.keyword.WebUiBuiltInKeywords$click$3.call(Unknown Source)&#xD;
	at Script1563446660933.run(Script1563446660933.groovy:37)&#xD;
	... 13 more&#xD;
)&#xD;
[[ATTACHMENT|C:\\Users\\Silvester\\Katalon Studio\\Practice_Record_Replay\\Reports\\Practice_TS_1\\20190725_104026\\1564040487844.png]]&#xD;
&#xD;
2019-07-25 10:41:27 - [TEST_STEP][PASSED] - verifyElementPresent(findTestObject("Object Repository/tc_0_2_1_SM_OR/Page_steam engine - Alibris/h2_Items Added to Cart"), 2, OPTIONAL): com.kms.katalon.core.webui.exception.WebElementNotFoundException: Web element with id: 'Object Repository/tc_0_2_1_SM_OR/Page_steam engine - Alibris/h2_Items Added to Cart' located by 'By.xpath: //div[@id='cart-overlay']/div/div/h2' not found (Root cause: com.kms.katalon.core.exception.StepFailedException: com.kms.katalon.core.webui.exception.WebElementNotFoundException: Web element with id: 'Object Repository/tc_0_2_1_SM_OR/Page_steam engine - Alibris/h2_Items Added to Cart' located by 'By.xpath: //div[@id='cart-overlay']/div/div/h2' not found&#xD;
	at com.kms.katalon.core.webui.keyword.internal.WebUIKeywordMain.stepFailed(WebUIKeywordMain.groovy:64)&#xD;
	at com.kms.katalon.core.webui.keyword.builtin.VerifyElementPresentKeyword$_verifyElementPresent_closure1.doCall(VerifyElementPresentKeyword.groovy:85)&#xD;
	at com.kms.katalon.core.webui.keyword.builtin.VerifyElementPresentKeyword$_verifyElementPresent_closure1.call(VerifyElementPresentKeyword.groovy)&#xD;
	at com.kms.katalon.core.webui.keyword.internal.WebUIKeywordMain.runKeyword(WebUIKeywordMain.groovy:20)&#xD;
	at com.kms.katalon.core.webui.keyword.builtin.VerifyElementPresentKeyword.verifyElementPresent(VerifyElementPresentKeyword.groovy:92)&#xD;
	at com.kms.katalon.core.webui.keyword.builtin.VerifyElementPresentKeyword.execute(VerifyElementPresentKeyword.groovy:68)&#xD;
	at com.kms.katalon.core.keyword.internal.KeywordExecutor.executeKeywordForPlatform(KeywordExecutor.groovy:56)&#xD;
	at com.kms.katalon.core.webui.keyword.WebUiBuiltInKeywords.verifyElementPresent(WebUiBuiltInKeywords.groovy:1418)&#xD;
	at com.kms.katalon.core.webui.keyword.WebUiBuiltInKeywords$verifyElementPresent$10.call(Unknown Source)&#xD;
	at tc_0_2_1_SM_Alibris_Book_Stoore.run(tc_0_2_1_SM_Alibris_Book_Stoore:40)&#xD;
	at com.kms.katalon.core.main.ScriptEngine.run(ScriptEngine.java:194)&#xD;
	at com.kms.katalon.core.main.ScriptEngine.runScriptAsRawText(ScriptEngine.java:119)&#xD;
	at com.kms.katalon.core.main.TestCaseExecutor.runScript(TestCaseExecutor.java:337)&#xD;
	at com.kms.katalon.core.main.TestCaseExecutor.doExecute(TestCaseExecutor.java:328)&#xD;
	at com.kms.katalon.core.main.TestCaseExecutor.processExecutionPhase(TestCaseExecutor.java:307)&#xD;
	at com.kms.katalon.core.main.TestCaseExecutor.accessMainPhase(TestCaseExecutor.java:299)&#xD;
	at com.kms.katalon.core.main.TestCaseExecutor.execute(TestCaseExecutor.java:233)&#xD;
	at com.kms.katalon.core.main.TestSuiteExecutor.accessTestCaseMainPhase(TestSuiteExecutor.java:133)&#xD;
	at com.kms.katalon.core.main.TestSuiteExecutor.accessTestSuiteMainPhase(TestSuiteExecutor.java:116)&#xD;
	at com.kms.katalon.core.main.TestSuiteExecutor.execute(TestSuiteExecutor.java:83)&#xD;
	at com.kms.katalon.core.main.TestCaseMain.startTestSuite(TestCaseMain.java:157)&#xD;
	at com.kms.katalon.core.main.TestCaseMain$startTestSuite$0.call(Unknown Source)&#xD;
	at TempTestSuite1564040426988.run(TempTestSuite1564040426988.groovy:35)&#xD;
)&#xD;
&#xD;
2019-07-25 10:41:30 - [MESSAGE][INFO] - Unable to find the element located by 'By.xpath: //div[@id='cart-overlay']/div/div/h2'. Please recheck the objects properties to make sure the desired element is located. &#xD;
&#xD;
2019-07-25 10:41:30 - [MESSAGE][WARNING] - com.kms.katalon.core.webui.exception.WebElementNotFoundException: Web element with id: 'Object Repository/tc_0_2_1_SM_OR/Page_steam engine - Alibris/h2_Items Added to Cart' located by 'By.xpath: //div[@id='cart-overlay']/div/div/h2' not found (Root cause: com.kms.katalon.core.exception.StepFailedException: com.kms.katalon.core.webui.exception.WebElementNotFoundException: Web element with id: 'Object Repository/tc_0_2_1_SM_OR/Page_steam engine - Alibris/h2_Items Added to Cart' located by 'By.xpath: //div[@id='cart-overlay']/div/div/h2' not found&#xD;
	at com.kms.katalon.core.webui.keyword.internal.WebUIKeywordMain.stepFailed(WebUIKeywordMain.groovy:64)&#xD;
	at com.kms.katalon.core.webui.keyword.builtin.VerifyElementPresentKeyword$_verifyElementPresent_closure1.doCall(VerifyElementPresentKeyword.groovy:85)&#xD;
	at com.kms.katalon.core.webui.keyword.builtin.VerifyElementPresentKeyword$_verifyElementPresent_closure1.call(VerifyElementPresentKeyword.groovy)&#xD;
	at com.kms.katalon.core.webui.keyword.internal.WebUIKeywordMain.runKeyword(WebUIKeywordMain.groovy:20)&#xD;
	at com.kms.katalon.core.webui.keyword.builtin.VerifyElementPresentKeyword.verifyElementPresent(VerifyElementPresentKeyword.groovy:92)&#xD;
	at com.kms.katalon.core.webui.keyword.builtin.VerifyElementPresentKeyword.execute(VerifyElementPresentKeyword.groovy:68)&#xD;
	at com.kms.katalon.core.keyword.internal.KeywordExecutor.executeKeywordForPlatform(KeywordExecutor.groovy:56)&#xD;
	at com.kms.katalon.core.webui.keyword.WebUiBuiltInKeywords.verifyElementPresent(WebUiBuiltInKeywords.groovy:1418)&#xD;
	at com.kms.katalon.core.webui.keyword.WebUiBuiltInKeywords$verifyElementPresent$10.call(Unknown Source)&#xD;
	at tc_0_2_1_SM_Alibris_Book_Stoore.run(tc_0_2_1_SM_Alibris_Book_Stoore:40)&#xD;
	at com.kms.katalon.core.main.ScriptEngine.run(ScriptEngine.java:194)&#xD;
	at com.kms.katalon.core.main.ScriptEngine.runScriptAsRawText(ScriptEngine.java:119)&#xD;
	at com.kms.katalon.core.main.TestCaseExecutor.runScript(TestCaseExecutor.java:337)&#xD;
	at com.kms.katalon.core.main.TestCaseExecutor.doExecute(TestCaseExecutor.java:328)&#xD;
	at com.kms.katalon.core.main.TestCaseExecutor.processExecutionPhase(TestCaseExecutor.java:307)&#xD;
	at com.kms.katalon.core.main.TestCaseExecutor.accessMainPhase(TestCaseExecutor.java:299)&#xD;
	at com.kms.katalon.core.main.TestCaseExecutor.execute(TestCaseExecutor.java:233)&#xD;
	at com.kms.katalon.core.main.TestSuiteExecutor.accessTestCaseMainPhase(TestSuiteExecutor.java:133)&#xD;
	at com.kms.katalon.core.main.TestSuiteExecutor.accessTestSuiteMainPhase(TestSuiteExecutor.java:116)&#xD;
	at com.kms.katalon.core.main.TestSuiteExecutor.execute(TestSuiteExecutor.java:83)&#xD;
	at com.kms.katalon.core.main.TestCaseMain.startTestSuite(TestCaseMain.java:157)&#xD;
	at com.kms.katalon.core.main.TestCaseMain$startTestSuite$0.call(Unknown Source)&#xD;
	at TempTestSuite1564040426988.run(TempTestSuite1564040426988.groovy:35)&#xD;
)&#xD;
[[ATTACHMENT|C:\\Users\\Silvester\\Katalon Studio\\Practice_Record_Replay\\Reports\\Practice_TS_1\\20190725_104026\\1564040490032.png]]&#xD;
&#xD;
2019-07-25 10:41:30 - [TEST_STEP][PASSED] - verifyElementPresent(findTestObject("Object Repository/tc_0_2_1_SM_OR/Page_steam engine - Alibris/h2_Your cart summary"), 2, OPTIONAL): com.kms.katalon.core.webui.exception.WebElementNotFoundException: Web element with id: 'Object Repository/tc_0_2_1_SM_OR/Page_steam engine - Alibris/h2_Your cart summary' located by 'By.xpath: //div[@id='cart-overlay']/div/div[2]/h2' not found (Root cause: com.kms.katalon.core.exception.StepFailedException: com.kms.katalon.core.webui.exception.WebElementNotFoundException: Web element with id: 'Object Repository/tc_0_2_1_SM_OR/Page_steam engine - Alibris/h2_Your cart summary' located by 'By.xpath: //div[@id='cart-overlay']/div/div[2]/h2' not found&#xD;
	at com.kms.katalon.core.webui.keyword.internal.WebUIKeywordMain.stepFailed(WebUIKeywordMain.groovy:64)&#xD;
	at com.kms.katalon.core.webui.keyword.builtin.VerifyElementPresentKeyword$_verifyElementPresent_closure1.doCall(VerifyElementPresentKeyword.groovy:85)&#xD;
	at com.kms.katalon.core.webui.keyword.builtin.VerifyElementPresentKeyword$_verifyElementPresent_closure1.call(VerifyElementPresentKeyword.groovy)&#xD;
	at com.kms.katalon.core.webui.keyword.internal.WebUIKeywordMain.runKeyword(WebUIKeywordMain.groovy:20)&#xD;
	at com.kms.katalon.core.webui.keyword.builtin.VerifyElementPresentKeyword.verifyElementPresent(VerifyElementPresentKeyword.groovy:92)&#xD;
	at com.kms.katalon.core.webui.keyword.builtin.VerifyElementPresentKeyword.execute(VerifyElementPresentKeyword.groovy:68)&#xD;
	at com.kms.katalon.core.keyword.internal.KeywordExecutor.executeKeywordForPlatform(KeywordExecutor.groovy:56)&#xD;
	at com.kms.katalon.core.webui.keyword.WebUiBuiltInKeywords.verifyElementPresent(WebUiBuiltInKeywords.groovy:1418)&#xD;
	at com.kms.katalon.core.webui.keyword.WebUiBuiltInKeywords$verifyElementPresent$10.call(Unknown Source)&#xD;
	at tc_0_2_1_SM_Alibris_Book_Stoore.run(tc_0_2_1_SM_Alibris_Book_Stoore:43)&#xD;
	at com.kms.katalon.core.main.ScriptEngine.run(ScriptEngine.java:194)&#xD;
	at com.kms.katalon.core.main.ScriptEngine.runScriptAsRawText(ScriptEngine.java:119)&#xD;
	at com.kms.katalon.core.main.TestCaseExecutor.runScript(TestCaseExecutor.java:337)&#xD;
	at com.kms.katalon.core.main.TestCaseExecutor.doExecute(TestCaseExecutor.java:328)&#xD;
	at com.kms.katalon.core.main.TestCaseExecutor.processExecutionPhase(TestCaseExecutor.java:307)&#xD;
	at com.kms.katalon.core.main.TestCaseExecutor.accessMainPhase(TestCaseExecutor.java:299)&#xD;
	at com.kms.katalon.core.main.TestCaseExecutor.execute(TestCaseExecutor.java:233)&#xD;
	at com.kms.katalon.core.main.TestSuiteExecutor.accessTestCaseMainPhase(TestSuiteExecutor.java:133)&#xD;
	at com.kms.katalon.core.main.TestSuiteExecutor.accessTestSuiteMainPhase(TestSuiteExecutor.java:116)&#xD;
	at com.kms.katalon.core.main.TestSuiteExecutor.execute(TestSuiteExecutor.java:83)&#xD;
	at com.kms.katalon.core.main.TestCaseMain.startTestSuite(TestCaseMain.java:157)&#xD;
	at com.kms.katalon.core.main.TestCaseMain$startTestSuite$0.call(Unknown Source)&#xD;
	at TempTestSuite1564040426988.run(TempTestSuite1564040426988.groovy:35)&#xD;
)&#xD;
&#xD;
2019-07-25 10:41:32 - [MESSAGE][INFO] - Unable to find the element located by 'By.xpath: //div[@id='cart-overlay']/div/div[2]/h2'. Please recheck the objects properties to make sure the desired element is located. &#xD;
&#xD;
2019-07-25 10:41:32 - [MESSAGE][WARNING] - com.kms.katalon.core.webui.exception.WebElementNotFoundException: Web element with id: 'Object Repository/tc_0_2_1_SM_OR/Page_steam engine - Alibris/h2_Your cart summary' located by 'By.xpath: //div[@id='cart-overlay']/div/div[2]/h2' not found (Root cause: com.kms.katalon.core.exception.StepFailedException: com.kms.katalon.core.webui.exception.WebElementNotFoundException: Web element with id: 'Object Repository/tc_0_2_1_SM_OR/Page_steam engine - Alibris/h2_Your cart summary' located by 'By.xpath: //div[@id='cart-overlay']/div/div[2]/h2' not found&#xD;
	at com.kms.katalon.core.webui.keyword.internal.WebUIKeywordMain.stepFailed(WebUIKeywordMain.groovy:64)&#xD;
	at com.kms.katalon.core.webui.keyword.builtin.VerifyElementPresentKeyword$_verifyElementPresent_closure1.doCall(VerifyElementPresentKeyword.groovy:85)&#xD;
	at com.kms.katalon.core.webui.keyword.builtin.VerifyElementPresentKeyword$_verifyElementPresent_closure1.call(VerifyElementPresentKeyword.groovy)&#xD;
	at com.kms.katalon.core.webui.keyword.internal.WebUIKeywordMain.runKeyword(WebUIKeywordMain.groovy:20)&#xD;
	at com.kms.katalon.core.webui.keyword.builtin.VerifyElementPresentKeyword.verifyElementPresent(VerifyElementPresentKeyword.groovy:92)&#xD;
	at com.kms.katalon.core.webui.keyword.builtin.VerifyElementPresentKeyword.execute(VerifyElementPresentKeyword.groovy:68)&#xD;
	at com.kms.katalon.core.keyword.internal.KeywordExecutor.executeKeywordForPlatform(KeywordExecutor.groovy:56)&#xD;
	at com.kms.katalon.core.webui.keyword.WebUiBuiltInKeywords.verifyElementPresent(WebUiBuiltInKeywords.groovy:1418)&#xD;
	at com.kms.katalon.core.webui.keyword.WebUiBuiltInKeywords$verifyElementPresent$10.call(Unknown Source)&#xD;
	at tc_0_2_1_SM_Alibris_Book_Stoore.run(tc_0_2_1_SM_Alibris_Book_Stoore:43)&#xD;
	at com.kms.katalon.core.main.ScriptEngine.run(ScriptEngine.java:194)&#xD;
	at com.kms.katalon.core.main.ScriptEngine.runScriptAsRawText(ScriptEngine.java:119)&#xD;
	at com.kms.katalon.core.main.TestCaseExecutor.runScript(TestCaseExecutor.java:337)&#xD;
	at com.kms.katalon.core.main.TestCaseExecutor.doExecute(TestCaseExecutor.java:328)&#xD;
	at com.kms.katalon.core.main.TestCaseExecutor.processExecutionPhase(TestCaseExecutor.java:307)&#xD;
	at com.kms.katalon.core.main.TestCaseExecutor.accessMainPhase(TestCaseExecutor.java:299)&#xD;
	at com.kms.katalon.core.main.TestCaseExecutor.execute(TestCaseExecutor.java:233)&#xD;
	at com.kms.katalon.core.main.TestSuiteExecutor.accessTestCaseMainPhase(TestSuiteExecutor.java:133)&#xD;
	at com.kms.katalon.core.main.TestSuiteExecutor.accessTestSuiteMainPhase(TestSuiteExecutor.java:116)&#xD;
	at com.kms.katalon.core.main.TestSuiteExecutor.execute(TestSuiteExecutor.java:83)&#xD;
	at com.kms.katalon.core.main.TestCaseMain.startTestSuite(TestCaseMain.java:157)&#xD;
	at com.kms.katalon.core.main.TestCaseMain$startTestSuite$0.call(Unknown Source)&#xD;
	at TempTestSuite1564040426988.run(TempTestSuite1564040426988.groovy:35)&#xD;
)&#xD;
[[ATTACHMENT|C:\\Users\\Silvester\\Katalon Studio\\Practice_Record_Replay\\Reports\\Practice_TS_1\\20190725_104026\\1564040492176.png]]&#xD;
&#xD;
2019-07-25 10:41:32 - [TEST_STEP][PASSED] - verifyElementPresent(findTestObject("Object Repository/tc_0_2_1_SM_OR/Page_steam engine - Alibris/h3_Building Simple Model Steam"), 2, OPTIONAL): com.kms.katalon.core.webui.exception.WebElementNotFoundException: Web element with id: 'Object Repository/tc_0_2_1_SM_OR/Page_steam engine - Alibris/h3_Building Simple Model Steam' located by 'By.xpath: //div[@id='cart-overlay']/div/div/div[2]/h3' not found (Root cause: com.kms.katalon.core.exception.StepFailedException: com.kms.katalon.core.webui.exception.WebElementNotFoundException: Web element with id: 'Object Repository/tc_0_2_1_SM_OR/Page_steam engine - Alibris/h3_Building Simple Model Steam' located by 'By.xpath: //div[@id='cart-overlay']/div/div/div[2]/h3' not found&#xD;
	at com.kms.katalon.core.webui.keyword.internal.WebUIKeywordMain.stepFailed(WebUIKeywordMain.groovy:64)&#xD;
	at com.kms.katalon.core.webui.keyword.builtin.VerifyElementPresentKeyword$_verifyElementPresent_closure1.doCall(VerifyElementPresentKeyword.groovy:85)&#xD;
	at com.kms.katalon.core.webui.keyword.builtin.VerifyElementPresentKeyword$_verifyElementPresent_closure1.call(VerifyElementPresentKeyword.groovy)&#xD;
	at com.kms.katalon.core.webui.keyword.internal.WebUIKeywordMain.runKeyword(WebUIKeywordMain.groovy:20)&#xD;
	at com.kms.katalon.core.webui.keyword.builtin.VerifyElementPresentKeyword.verifyElementPresent(VerifyElementPresentKeyword.groovy:92)&#xD;
	at com.kms.katalon.core.webui.keyword.builtin.VerifyElementPresentKeyword.execute(VerifyElementPresentKeyword.groovy:68)&#xD;
	at com.kms.katalon.core.keyword.internal.KeywordExecutor.executeKeywordForPlatform(KeywordExecutor.groovy:56)&#xD;
	at com.kms.katalon.core.webui.keyword.WebUiBuiltInKeywords.verifyElementPresent(WebUiBuiltInKeywords.groovy:1418)&#xD;
	at com.kms.katalon.core.webui.keyword.WebUiBuiltInKeywords$verifyElementPresent$10.call(Unknown Source)&#xD;
	at tc_0_2_1_SM_Alibris_Book_Stoore.run(tc_0_2_1_SM_Alibris_Book_Stoore:46)&#xD;
	at com.kms.katalon.core.main.ScriptEngine.run(ScriptEngine.java:194)&#xD;
	at com.kms.katalon.core.main.ScriptEngine.runScriptAsRawText(ScriptEngine.java:119)&#xD;
	at com.kms.katalon.core.main.TestCaseExecutor.runScript(TestCaseExecutor.java:337)&#xD;
	at com.kms.katalon.core.main.TestCaseExecutor.doExecute(TestCaseExecutor.java:328)&#xD;
	at com.kms.katalon.core.main.TestCaseExecutor.processExecutionPhase(TestCaseExecutor.java:307)&#xD;
	at com.kms.katalon.core.main.TestCaseExecutor.accessMainPhase(TestCaseExecutor.java:299)&#xD;
	at com.kms.katalon.core.main.TestCaseExecutor.execute(TestCaseExecutor.java:233)&#xD;
	at com.kms.katalon.core.main.TestSuiteExecutor.accessTestCaseMainPhase(TestSuiteExecutor.java:133)&#xD;
	at com.kms.katalon.core.main.TestSuiteExecutor.accessTestSuiteMainPhase(TestSuiteExecutor.java:116)&#xD;
	at com.kms.katalon.core.main.TestSuiteExecutor.execute(TestSuiteExecutor.java:83)&#xD;
	at com.kms.katalon.core.main.TestCaseMain.startTestSuite(TestCaseMain.java:157)&#xD;
	at com.kms.katalon.core.main.TestCaseMain$startTestSuite$0.call(Unknown Source)&#xD;
	at TempTestSuite1564040426988.run(TempTestSuite1564040426988.groovy:35)&#xD;
)&#xD;
&#xD;
2019-07-25 10:41:34 - [MESSAGE][INFO] - Unable to find the element located by 'By.xpath: //div[@id='cart-overlay']/div/div/div[2]/h3'. Please recheck the objects properties to make sure the desired element is located. &#xD;
&#xD;
2019-07-25 10:41:34 - [MESSAGE][WARNING] - com.kms.katalon.core.webui.exception.WebElementNotFoundException: Web element with id: 'Object Repository/tc_0_2_1_SM_OR/Page_steam engine - Alibris/h3_Building Simple Model Steam' located by 'By.xpath: //div[@id='cart-overlay']/div/div/div[2]/h3' not found (Root cause: com.kms.katalon.core.exception.StepFailedException: com.kms.katalon.core.webui.exception.WebElementNotFoundException: Web element with id: 'Object Repository/tc_0_2_1_SM_OR/Page_steam engine - Alibris/h3_Building Simple Model Steam' located by 'By.xpath: //div[@id='cart-overlay']/div/div/div[2]/h3' not found&#xD;
	at com.kms.katalon.core.webui.keyword.internal.WebUIKeywordMain.stepFailed(WebUIKeywordMain.groovy:64)&#xD;
	at com.kms.katalon.core.webui.keyword.builtin.VerifyElementPresentKeyword$_verifyElementPresent_closure1.doCall(VerifyElementPresentKeyword.groovy:85)&#xD;
	at com.kms.katalon.core.webui.keyword.builtin.VerifyElementPresentKeyword$_verifyElementPresent_closure1.call(VerifyElementPresentKeyword.groovy)&#xD;
	at com.kms.katalon.core.webui.keyword.internal.WebUIKeywordMain.runKeyword(WebUIKeywordMain.groovy:20)&#xD;
	at com.kms.katalon.core.webui.keyword.builtin.VerifyElementPresentKeyword.verifyElementPresent(VerifyElementPresentKeyword.groovy:92)&#xD;
	at com.kms.katalon.core.webui.keyword.builtin.VerifyElementPresentKeyword.execute(VerifyElementPresentKeyword.groovy:68)&#xD;
	at com.kms.katalon.core.keyword.internal.KeywordExecutor.executeKeywordForPlatform(KeywordExecutor.groovy:56)&#xD;
	at com.kms.katalon.core.webui.keyword.WebUiBuiltInKeywords.verifyElementPresent(WebUiBuiltInKeywords.groovy:1418)&#xD;
	at com.kms.katalon.core.webui.keyword.WebUiBuiltInKeywords$verifyElementPresent$10.call(Unknown Source)&#xD;
	at tc_0_2_1_SM_Alibris_Book_Stoore.run(tc_0_2_1_SM_Alibris_Book_Stoore:46)&#xD;
	at com.kms.katalon.core.main.ScriptEngine.run(ScriptEngine.java:194)&#xD;
	at com.kms.katalon.core.main.ScriptEngine.runScriptAsRawText(ScriptEngine.java:119)&#xD;
	at com.kms.katalon.core.main.TestCaseExecutor.runScript(TestCaseExecutor.java:337)&#xD;
	at com.kms.katalon.core.main.TestCaseExecutor.doExecute(TestCaseExecutor.java:328)&#xD;
	at com.kms.katalon.core.main.TestCaseExecutor.processExecutionPhase(TestCaseExecutor.java:307)&#xD;
	at com.kms.katalon.core.main.TestCaseExecutor.accessMainPhase(TestCaseExecutor.java:299)&#xD;
	at com.kms.katalon.core.main.TestCaseExecutor.execute(TestCaseExecutor.java:233)&#xD;
	at com.kms.katalon.core.main.TestSuiteExecutor.accessTestCaseMainPhase(TestSuiteExecutor.java:133)&#xD;
	at com.kms.katalon.core.main.TestSuiteExecutor.accessTestSuiteMainPhase(TestSuiteExecutor.java:116)&#xD;
	at com.kms.katalon.core.main.TestSuiteExecutor.execute(TestSuiteExecutor.java:83)&#xD;
	at com.kms.katalon.core.main.TestCaseMain.startTestSuite(TestCaseMain.java:157)&#xD;
	at com.kms.katalon.core.main.TestCaseMain$startTestSuite$0.call(Unknown Source)&#xD;
	at TempTestSuite1564040426988.run(TempTestSuite1564040426988.groovy:35)&#xD;
)&#xD;
[[ATTACHMENT|C:\\Users\\Silvester\\Katalon Studio\\Practice_Record_Replay\\Reports\\Practice_TS_1\\20190725_104026\\1564040494334.png]]&#xD;
&#xD;
2019-07-25 10:41:34 - [TEST_STEP][PASSED] - closeBrowser(): Browser is closed&#xD;
&#xD;
2019-07-25 10:41:35 - [MESSAGE][PASSED] - Browser is closed</system-out>
            <system-err></system-err>
        </testcase>
        <system-out>2019-07-25 10:40:32 - [TEST_SUITE][INCOMPLETE] - Practice_TS_1: null</system-out>
        <system-err>2019-07-25 10:40:32 - [TEST_SUITE][INCOMPLETE] - Practice_TS_1: null</system-err>
    </testsuite>
</testsuites>
