<?xml version="1.0" encoding="UTF-8" standalone="yes"?>
<testsuites name="Practice_TS_1" time="17" tests="2" failures="0" errors="0">
    <testsuite name="Practice_TS_1" tests="2" failures="0" errors="0" time="17" timestamp="2019-07-24 17:02:41" hostname="Silvester - 192.168.3.67" id="Test Suites/Practice_TS_1">
        <properties>
            <property name="deviceName" value=""/>
            <property name="devicePlatform" value=""/>
            <property name="logFolder" value="C:\\Users\\Silvester\\Katalon Studio\\Practice_Record_Replay\\Reports\\Practice_TS_1\\20190724_170237"/>
            <property name="logFiles" value="C:\\Users\\Silvester\\Katalon Studio\\Practice_Record_Replay\\Reports\\Practice_TS_1\\20190724_170237\\execution0.log"/>
            <property name="attachments" value=""/>
            <property name="hostName" value="Silvester - 192.168.3.67"/>
            <property name="os" value="Windows 10 64bit"/>
            <property name="katalonVersion" value="6.2.1.2"/>
            <property name="browser" value="Firefox 68.0"/>
            <property name="hostAddress" value="192.168.3.67"/>
            <property name="sessionId" value="8cf38b4e-9d2d-4abd-b963-c3ea2035c94e"/>
            <property name="seleniumVersion" value="3.141.59"/>
            <property name="proxyInformation" value="ProxyInformation{proxyOption=NO_PROXY, proxyServerType=HTTP, password=, proxyServerAddress=, proxyServerPort=0}"/>
            <property name="platform" value="Windows 10"/>
        </properties>
        <testcase name="Test Cases/tc_0_0_1_RR_ASA_quality_academy_attend" classname="Test Cases/tc_0_0_1_RR_ASA_quality_academy_attend" status="PASSED">
            <system-out>2019-07-24 17:02:41 - [TEST_CASE][PASSED] - Test Cases/tc_0_0_1_RR_ASA_quality_academy_attend: Test Cases/tc_0_0_1_RR_ASA_quality_academy_attend&#xD;
&#xD;
2019-07-24 17:02:42 - [TEST_STEP][PASSED] - openBrowser(""): Browser is opened with url: ''&#xD;
&#xD;
2019-07-24 17:02:42 - [MESSAGE][INFO] - Starting 'Firefox' driver&#xD;
&#xD;
2019-07-24 17:02:42 - [MESSAGE][INFO] - Action delay is set to 0 seconds&#xD;
&#xD;
2019-07-24 17:02:46 - [MESSAGE][PASSED] - Browser is opened with url: ''&#xD;
&#xD;
2019-07-24 17:02:46 - [TEST_STEP][PASSED] - maximizeWindow(): Current window maximized&#xD;
&#xD;
2019-07-24 17:02:46 - [MESSAGE][PASSED] - Current window maximized&#xD;
&#xD;
2019-07-24 17:02:46 - [TEST_STEP][PASSED] - navigateToUrl("https://www.asaquality.ee/"): Navigate to 'https://www.asaquality.ee/' successfully&#xD;
&#xD;
2019-07-24 17:02:48 - [MESSAGE][PASSED] - Navigate to 'https://www.asaquality.ee/' successfully&#xD;
&#xD;
2019-07-24 17:02:48 - [TEST_STEP][PASSED] - click(findTestObject("tc_0_0_1_RR_OR/Page_Avaleht - ASA Quality Services/button_EST")): Object: 'Object Repository/tc_0_0_1_RR_OR/Page_Avaleht - ASA Quality Services/button_EST' is clicked on&#xD;
&#xD;
2019-07-24 17:02:48 - [MESSAGE][PASSED] - Object: 'Object Repository/tc_0_0_1_RR_OR/Page_Avaleht - ASA Quality Services/button_EST' is clicked on&#xD;
&#xD;
2019-07-24 17:02:48 - [TEST_STEP][PASSED] - click(findTestObject("tc_0_0_1_RR_OR/Page_Avaleht - ASA Quality Services/a_ENG")): Object: 'Object Repository/tc_0_0_1_RR_OR/Page_Avaleht - ASA Quality Services/a_ENG' is clicked on&#xD;
&#xD;
2019-07-24 17:02:49 - [MESSAGE][PASSED] - Object: 'Object Repository/tc_0_0_1_RR_OR/Page_Avaleht - ASA Quality Services/a_ENG' is clicked on&#xD;
&#xD;
2019-07-24 17:02:49 - [TEST_STEP][PASSED] - click(findTestObject("tc_0_0_1_RR_OR/Page_About Us - ASA Quality/a_Academy")): Object: 'Object Repository/tc_0_0_1_RR_OR/Page_About Us - ASA Quality/a_Academy' is clicked on&#xD;
&#xD;
2019-07-24 17:02:50 - [MESSAGE][PASSED] - Object: 'Object Repository/tc_0_0_1_RR_OR/Page_About Us - ASA Quality/a_Academy' is clicked on&#xD;
&#xD;
2019-07-24 17:02:50 - [TEST_STEP][PASSED] - click(findTestObject("tc_0_0_1_RR_OR/Page_Academy - ASA Quality/button_Attend")): Object: 'Object Repository/tc_0_0_1_RR_OR/Page_Academy - ASA Quality/button_Attend' is clicked on&#xD;
&#xD;
2019-07-24 17:02:51 - [MESSAGE][PASSED] - Object: 'Object Repository/tc_0_0_1_RR_OR/Page_Academy - ASA Quality/button_Attend' is clicked on&#xD;
&#xD;
2019-07-24 17:02:51 - [TEST_STEP][PASSED] - click(findTestObject("tc_0_0_1_RR_OR/Page_Academy - ASA Quality/input_Error on form submit_btn btn-primary w-100 my-0"), STOP_ON_FAILURE): Object: 'Object Repository/tc_0_0_1_RR_OR/Page_Academy - ASA Quality/input_Error on form submit_btn btn-primary w-100 my-0' is clicked on&#xD;
&#xD;
2019-07-24 17:02:51 - [MESSAGE][PASSED] - Object: 'Object Repository/tc_0_0_1_RR_OR/Page_Academy - ASA Quality/input_Error on form submit_btn btn-primary w-100 my-0' is clicked on&#xD;
&#xD;
2019-07-24 17:02:51 - [TEST_STEP][PASSED] - waitForElementAttributeValue(findTestObject("tc_0_0_1_RR_OR/Page_Academy - ASA Quality/div_First and last name"), "class", "form-group has-error", 2): Object 'Object Repository/tc_0_0_1_RR_OR/Page_Academy - ASA Quality/div_First and last name' has attribute 'class' with value 'form-group has-error'&#xD;
&#xD;
2019-07-24 17:02:51 - [MESSAGE][PASSED] - Object 'Object Repository/tc_0_0_1_RR_OR/Page_Academy - ASA Quality/div_First and last name' has attribute 'class' with value 'form-group has-error'&#xD;
&#xD;
2019-07-24 17:02:51 - [TEST_STEP][PASSED] - click(findTestObject("tc_0_0_1_RR_OR/Page_Academy - ASA Quality/button_close")): Object: 'Object Repository/tc_0_0_1_RR_OR/Page_Academy - ASA Quality/button_close' is clicked on&#xD;
&#xD;
2019-07-24 17:02:51 - [MESSAGE][PASSED] - Object: 'Object Repository/tc_0_0_1_RR_OR/Page_Academy - ASA Quality/button_close' is clicked on&#xD;
&#xD;
2019-07-24 17:02:51 - [TEST_STEP][PASSED] - closeBrowser(): Browser is closed&#xD;
&#xD;
2019-07-24 17:02:52 - [MESSAGE][PASSED] - Browser is closed</system-out>
            <system-err></system-err>
        </testcase>
        <testcase name="Test Cases/tc_0_1_1_MM_Katalon_Demo_Kura_Login" classname="Test Cases/tc_0_1_1_MM_Katalon_Demo_Kura_Login" status="PASSED">
            <system-out>2019-07-24 17:02:52 - [TEST_CASE][PASSED] - Test Cases/tc_0_1_1_MM_Katalon_Demo_Kura_Login: Test Cases/tc_0_1_1_MM_Katalon_Demo_Kura_Login&#xD;
&#xD;
2019-07-24 17:02:53 - [TEST_STEP][PASSED] - openBrowser("https://katalon-demo-cura.herokuapp.com/profile.php#login"): Browser is opened with url: 'https://katalon-demo-cura.herokuapp.com/profile.php#login'&#xD;
&#xD;
2019-07-24 17:02:53 - [MESSAGE][INFO] - Starting 'Firefox' driver&#xD;
&#xD;
2019-07-24 17:02:57 - [MESSAGE][PASSED] - Browser is opened with url: 'https://katalon-demo-cura.herokuapp.com/profile.php#login'&#xD;
&#xD;
2019-07-24 17:02:57 - [TEST_STEP][PASSED] - maximizeWindow(): Current window maximized&#xD;
&#xD;
2019-07-24 17:02:57 - [MESSAGE][PASSED] - Current window maximized&#xD;
&#xD;
2019-07-24 17:02:57 - [TEST_STEP][PASSED] - click(findTestObject("tc_0_1_1_MM_OR/Page_CURA Healthcare Service/button_Login")): Object: 'Object Repository/tc_0_1_1_MM_OR/Page_CURA Healthcare Service/button_Login' is clicked on&#xD;
&#xD;
2019-07-24 17:02:57 - [MESSAGE][PASSED] - Object: 'Object Repository/tc_0_1_1_MM_OR/Page_CURA Healthcare Service/button_Login' is clicked on&#xD;
&#xD;
2019-07-24 17:02:57 - [TEST_STEP][PASSED] - waitForElementPresent(findTestObject("tc_0_1_1_MM_OR/Page_CURA Healthcare Service/p_Login failed Please ensure the username and password are valid"), 2): Object 'Object Repository/tc_0_1_1_MM_OR/Page_CURA Healthcare Service/p_Login failed Please ensure the username and password are valid' is present&#xD;
&#xD;
2019-07-24 17:02:57 - [MESSAGE][PASSED] - Object 'Object Repository/tc_0_1_1_MM_OR/Page_CURA Healthcare Service/p_Login failed Please ensure the username and password are valid' is present&#xD;
&#xD;
2019-07-24 17:02:57 - [TEST_STEP][PASSED] - setText(findTestObject("tc_0_1_1_MM_OR/Page_CURA Healthcare Service/input_Username_username"), "John Doe"): Text 'John Doe' is set on object 'Object Repository/tc_0_1_1_MM_OR/Page_CURA Healthcare Service/input_Username_username'&#xD;
&#xD;
2019-07-24 17:02:57 - [MESSAGE][PASSED] - Text 'John Doe' is set on object 'Object Repository/tc_0_1_1_MM_OR/Page_CURA Healthcare Service/input_Username_username'&#xD;
&#xD;
2019-07-24 17:02:57 - [TEST_STEP][PASSED] - setText(findTestObject("tc_0_1_1_MM_OR/Page_CURA Healthcare Service/input_Password_password"), "ThisIsNotAPassword"): Text 'ThisIsNotAPassword' is set on object 'Object Repository/tc_0_1_1_MM_OR/Page_CURA Healthcare Service/input_Password_password'&#xD;
&#xD;
2019-07-24 17:02:57 - [MESSAGE][PASSED] - Text 'ThisIsNotAPassword' is set on object 'Object Repository/tc_0_1_1_MM_OR/Page_CURA Healthcare Service/input_Password_password'&#xD;
&#xD;
2019-07-24 17:02:57 - [TEST_STEP][PASSED] - click(findTestObject("tc_0_1_1_MM_OR/Page_CURA Healthcare Service/button_Login")): Object: 'Object Repository/tc_0_1_1_MM_OR/Page_CURA Healthcare Service/button_Login' is clicked on&#xD;
&#xD;
2019-07-24 17:02:58 - [MESSAGE][PASSED] - Object: 'Object Repository/tc_0_1_1_MM_OR/Page_CURA Healthcare Service/button_Login' is clicked on&#xD;
&#xD;
2019-07-24 17:02:58 - [TEST_STEP][PASSED] - verifyTextPresent("Make Appointment", false, CONTINUE_ON_FAILURE): Text 'Make Appointment' is present on page &#xD;
&#xD;
2019-07-24 17:02:58 - [MESSAGE][PASSED] - Text 'Make Appointment' is present on page &#xD;
&#xD;
2019-07-24 17:02:58 - [TEST_STEP][PASSED] - closeBrowser(): Browser is closed&#xD;
&#xD;
2019-07-24 17:02:59 - [MESSAGE][PASSED] - Browser is closed</system-out>
            <system-err></system-err>
        </testcase>
        <system-out>2019-07-24 17:02:41 - [TEST_SUITE][INCOMPLETE] - Practice_TS_1: null</system-out>
        <system-err>2019-07-24 17:02:41 - [TEST_SUITE][INCOMPLETE] - Practice_TS_1: null</system-err>
    </testsuite>
</testsuites>
